0 info it worked if it ends with ok
1 verbose cli [ 'node', '/usr/local/bin/npm', 'install', 'rdio-node', '-g' ]
2 info using npm@1.2.11
3 info using node@v0.8.21
4 verbose read json /usr/local/lib/package.json
5 verbose read json /usr/local/lib/package.json
6 verbose cache add [ 'rdio-node', null ]
7 verbose cache add name=undefined spec="rdio-node" args=["rdio-node",null]
8 verbose parsed url { pathname: 'rdio-node', path: 'rdio-node', href: 'rdio-node' }
9 silly lockFile 9f82bb7f-rdio-node rdio-node
10 verbose lock rdio-node /Users/colemanfoley/.npm/9f82bb7f-rdio-node.lock
11 silly lockFile 9f82bb7f-rdio-node rdio-node
12 silly lockFile 9f82bb7f-rdio-node rdio-node
13 verbose addNamed [ 'rdio-node', '' ]
14 verbose addNamed [ null, '' ]
15 silly lockFile bd51ba59-rdio-node rdio-node@
16 verbose lock rdio-node@ /Users/colemanfoley/.npm/bd51ba59-rdio-node.lock
17 silly addNameRange { name: 'rdio-node', range: '', hasData: false }
18 verbose url raw rdio-node
19 verbose url resolving [ 'https://registry.npmjs.org/', './rdio-node' ]
20 verbose url resolved https://registry.npmjs.org/rdio-node
21 info trying registry request attempt 1 at 10:54:24
22 http GET https://registry.npmjs.org/rdio-node
23 http 404 https://registry.npmjs.org/rdio-node
24 silly registry.get cb [ 404,
24 silly registry.get   { server: 'CouchDB/1.2.1 (Erlang OTP/R15B03)',
24 silly registry.get     date: 'Wed, 13 Mar 2013 17:54:15 GMT',
24 silly registry.get     'content-type': 'application/json',
24 silly registry.get     'content-length': '52',
24 silly registry.get     'cache-control': 'must-revalidate' } ]
25 silly lockFile bd51ba59-rdio-node rdio-node@
26 silly lockFile bd51ba59-rdio-node rdio-node@
27 error 404 'rdio-node' is not in the npm registry.
27 error 404 You should bug the author to publish it
27 error 404
27 error 404 Note that you can also install from a
27 error 404 tarball, folder, or http url, or git url.
28 error System Darwin 12.2.1
29 error command "node" "/usr/local/bin/npm" "install" "rdio-node" "-g"
30 error cwd /Users/colemanfoley/code/playlist-me/public/playlist-me-helper
31 error node -v v0.8.21
32 error npm -v 1.2.11
33 error code E404
34 verbose exit [ 1, true ]
